2025-04-09 19:12:59,114 - INFO - Loaded MusicBrainz schema
2025-04-09 19:12:59,114 - INFO - Loaded music rights schema
2025-04-09 19:12:59,114 - INFO - Loaded 10 sample rights
2025-04-09 19:12:59,114 - INFO - Starting full MusicBrainz integration test
2025-04-09 19:12:59,114 - INFO - Testing MusicBrainz API access
2025-04-09 19:13:00,078 - INFO - Found 731 results for 'Bohemian Rhapsody'
2025-04-09 19:13:02,153 - INFO - Found 648 results for 'Yesterday'
2025-04-09 19:13:04,012 - INFO - Found 191 results for 'Imagine'
2025-04-09 19:13:05,013 - INFO - Testing integration with sample rights data
2025-04-09 19:13:05,618 - INFO - Testing privacy layer with Work
2025-04-09 19:13:05,647 - INFO - Successfully encrypted Work data
2025-04-09 19:13:05,658 - INFO - Successfully verified data encryption/decryption
2025-04-09 19:13:05,658 - INFO - Tested 'Midnight Dreams' with match score: 0
2025-04-09 19:13:07,381 - INFO - Testing privacy layer with Work
2025-04-09 19:13:07,381 - INFO - Successfully encrypted Work data
2025-04-09 19:13:07,381 - INFO - Successfully verified data encryption/decryption
2025-04-09 19:13:07,381 - INFO - Tested 'Electronic Horizon' with match score: 30
2025-04-09 19:13:08,963 - INFO - Testing privacy layer with Work
2025-04-09 19:13:08,963 - INFO - Successfully encrypted Work data
2025-04-09 19:13:08,963 - INFO - Successfully verified data encryption/decryption
2025-04-09 19:13:08,963 - INFO - Tested 'Ocean of Stars' with match score: 0
2025-04-09 19:13:09,971 - INFO - Generated ZK proof simulation for 0x7b4c5d9e8f1a2b3c4d5e6f7a8b9c0d1e2f3a4b5c
2025-04-09 19:13:09,971 - INFO - Generated ZK proof simulation for 0x8c5d6e7f8a9b0c1d2e3f4a5b6c7d8e9f0a1b2c3d
2025-04-09 19:13:09,971 - INFO - Generated ZK proof simulation for 0x9d6e7f8a9b0c1d2e3f4a5b6c7d8e9f0a1b2c3d4e
2025-04-09 19:13:09,971 - INFO - Integration test completed
2025-04-09 19:48:00,394 - INFO - Loaded MusicBrainz schema
2025-04-09 19:48:00,394 - INFO - Loaded music rights schema
2025-04-09 19:48:00,394 - INFO - Loaded 10 sample rights
2025-04-09 19:48:00,394 - INFO - Starting full MusicBrainz integration test
2025-04-09 19:48:00,395 - INFO - Testing MusicBrainz API access
2025-04-09 19:48:01,224 - INFO - Found 731 results for 'Bohemian Rhapsody'
2025-04-09 19:48:03,276 - INFO - Found 648 results for 'Yesterday'
2025-04-09 19:48:05,057 - INFO - Found 191 results for 'Imagine'
2025-04-09 19:48:06,065 - INFO - Testing integration with sample rights data
2025-04-09 19:48:06,691 - INFO - Testing privacy layer with Work
2025-04-09 19:48:06,731 - INFO - Successfully encrypted Work data
2025-04-09 19:48:06,733 - INFO - Successfully verified data encryption/decryption
2025-04-09 19:48:06,733 - INFO - Tested 'Midnight Dreams' with match score: 0
2025-04-09 19:48:08,404 - INFO - Testing privacy layer with Work
2025-04-09 19:48:08,405 - INFO - Successfully encrypted Work data
2025-04-09 19:48:08,405 - INFO - Successfully verified data encryption/decryption
2025-04-09 19:48:08,406 - INFO - Tested 'Electronic Horizon' with match score: 30
2025-04-09 19:48:10,034 - INFO - Testing privacy layer with Work
2025-04-09 19:48:10,035 - INFO - Successfully encrypted Work data
2025-04-09 19:48:10,035 - INFO - Successfully verified data encryption/decryption
2025-04-09 19:48:10,036 - INFO - Tested 'Ocean of Stars' with match score: 0
2025-04-09 19:48:11,037 - INFO - Generated ZK proof simulation for 0x7b4c5d9e8f1a2b3c4d5e6f7a8b9c0d1e2f3a4b5c
2025-04-09 19:48:11,038 - INFO - Generated ZK proof simulation for 0x8c5d6e7f8a9b0c1d2e3f4a5b6c7d8e9f0a1b2c3d
2025-04-09 19:48:11,038 - INFO - Generated ZK proof simulation for 0x9d6e7f8a9b0c1d2e3f4a5b6c7d8e9f0a1b2c3d4e
2025-04-09 19:48:11,040 - INFO - Integration test completed
