2025-04-09 18:24:00,982 - INFO - === MESA AI Guardian Blockchain Training Test ===
2025-04-09 18:24:01,221 - INFO - Connected to https://sepolia.base.org
2025-04-09 18:24:01,312 - INFO - Current block number: 24236376
2025-04-09 18:24:01,316 - WARNING - Could not get wallet balance: ('web3.py only accepts checksum addresses. The software that gave you this non-checksum address should be considered unsafe, please file it as a bug on their platform. Try using an ENS name instead. Or, if you must accept lower safety, use Web3.to_checksum_address(lower_case_address).', '0x2345678901abcdef2345678901abcdef23456789')
2025-04-09 18:24:01,323 - INFO - Contract loaded at address: 0x7338af1E9d6dbc4cc1Efa067C0775Bf222aDb0C3
2025-04-09 18:24:01,324 - INFO - Found 7 text files in ../data/processed_text/HDQTRZ
2025-04-09 18:24:01,330 - INFO - Loaded 7 documents:
2025-04-09 18:24:01,330 - INFO -   - AGREEMENT%20OF%20FOREIGN%20AGENCY%202.txt
2025-04-09 18:24:01,331 - INFO -   - Co-publisher%20agreement.txt
2025-04-09 18:24:01,331 - INFO -   - composer%20agreement%202.txt
2025-04-09 18:24:01,331 - INFO -   - ComposerExclusiveSample.txt
2025-04-09 18:24:01,332 - INFO -   - ComposerNonExclusiveSample.txt
2025-04-09 18:24:01,332 - INFO -   - Music_Producer_Contract_Template.txt
2025-04-09 18:24:01,332 - INFO -   - performance%20agrmt.txt
2025-04-09 18:24:01,332 - INFO - Simulating AI agent training with mock data
2025-04-09 18:24:01,332 - INFO - Skipping AGREEMENT%20OF%20FOREIGN%20AGENCY%202.txt - no matching training example
2025-04-09 18:24:01,333 - INFO - Skipping Co-publisher%20agreement.txt - no matching training example
2025-04-09 18:24:01,333 - INFO - Skipping composer%20agreement%202.txt - no matching training example
2025-04-09 18:24:01,333 - INFO - Skipping ComposerExclusiveSample.txt - no matching training example
2025-04-09 18:24:01,333 - INFO - Skipping ComposerNonExclusiveSample.txt - no matching training example
2025-04-09 18:24:01,333 - INFO - Skipping Music_Producer_Contract_Template.txt - no matching training example
2025-04-09 18:24:01,334 - INFO - Skipping performance%20agrmt.txt - no matching training example
2025-04-09 18:24:01,334 - ERROR - No valid documents for processing. Exiting.
2025-04-09 18:24:29,110 - INFO - === MESA AI Guardian Blockchain Training Test ===
2025-04-09 18:24:29,284 - INFO - Connected to https://sepolia.base.org
2025-04-09 18:24:29,367 - INFO - Current block number: 24236390
2025-04-09 18:24:29,371 - WARNING - Could not get wallet balance: ('web3.py only accepts checksum addresses. The software that gave you this non-checksum address should be considered unsafe, please file it as a bug on their platform. Try using an ENS name instead. Or, if you must accept lower safety, use Web3.to_checksum_address(lower_case_address).', '0x2345678901abcdef2345678901abcdef23456789')
2025-04-09 18:24:29,371 - INFO - Contract loaded at address: 0x7338af1E9d6dbc4cc1Efa067C0775Bf222aDb0C3
2025-04-09 18:24:29,372 - INFO - Found 7 text files in ../data/processed_text/HDQTRZ
2025-04-09 18:24:29,373 - INFO - Loaded 7 documents:
2025-04-09 18:24:29,373 - INFO -   - AGREEMENT%20OF%20FOREIGN%20AGENCY%202.txt
2025-04-09 18:24:29,373 - INFO -   - Co-publisher%20agreement.txt
2025-04-09 18:24:29,373 - INFO -   - composer%20agreement%202.txt
2025-04-09 18:24:29,373 - INFO -   - ComposerExclusiveSample.txt
2025-04-09 18:24:29,374 - INFO -   - ComposerNonExclusiveSample.txt
2025-04-09 18:24:29,374 - INFO -   - Music_Producer_Contract_Template.txt
2025-04-09 18:24:29,374 - INFO -   - performance%20agrmt.txt
2025-04-09 18:24:29,374 - INFO - Simulating AI agent training with mock data
2025-04-09 18:24:29,374 - INFO - Skipping AGREEMENT%20OF%20FOREIGN%20AGENCY%202.txt - no matching training example
2025-04-09 18:24:29,374 - INFO - Processing document: Co-publisher%20agreement.txt as Co-Publishing Agreement
2025-04-09 18:24:29,374 - INFO - Preparing smart contract transaction for Co-publisher%20agreement.txt
2025-04-09 18:24:29,375 - INFO - Processing document: composer%20agreement%202.txt as Composer Agreement
2025-04-09 18:24:29,376 - INFO - Preparing smart contract transaction for composer%20agreement%202.txt
2025-04-09 18:24:29,376 - INFO - Processing document: ComposerExclusiveSample.txt as Composer Agreement
2025-04-09 18:24:29,376 - INFO - Preparing smart contract transaction for ComposerExclusiveSample.txt
2025-04-09 18:24:29,377 - INFO - Processing document: ComposerNonExclusiveSample.txt as Composer Agreement
2025-04-09 18:24:29,377 - INFO - Preparing smart contract transaction for ComposerNonExclusiveSample.txt
2025-04-09 18:24:29,378 - INFO - Processing document: Music_Producer_Contract_Template.txt as Music Producer
2025-04-09 18:24:29,378 - INFO - Preparing smart contract transaction for Music_Producer_Contract_Template.txt
2025-04-09 18:24:29,379 - INFO - Processing document: performance%20agrmt.txt as Performance Agreement
2025-04-09 18:24:29,379 - INFO - Preparing smart contract transaction for performance%20agrmt.txt
2025-04-09 18:24:29,380 - INFO - Running blockchain integration test in simulation mode
2025-04-09 18:24:29,380 - INFO - Processing transaction 1/6: Co-publisher%20agreement.txt
2025-04-09 18:24:29,380 - INFO - Simulating blockchain interaction for rightId: 0x465351d15f3d4463000000000000000000000000000000000000000000000000
2025-04-09 18:24:29,382 - INFO - Processing transaction 2/6: composer%20agreement%202.txt
2025-04-09 18:24:29,382 - INFO - Simulating blockchain interaction for rightId: 0xadfaa64db35146fb000000000000000000000000000000000000000000000000
2025-04-09 18:24:29,383 - INFO - Processing transaction 3/6: ComposerExclusiveSample.txt
2025-04-09 18:24:29,383 - INFO - Simulating blockchain interaction for rightId: 0x6ab42ef313be4783000000000000000000000000000000000000000000000000
2025-04-09 18:24:29,384 - INFO - Processing transaction 4/6: ComposerNonExclusiveSample.txt
2025-04-09 18:24:29,385 - INFO - Simulating blockchain interaction for rightId: 0x7a1503859f1776fc000000000000000000000000000000000000000000000000
2025-04-09 18:24:29,386 - INFO - Processing transaction 5/6: Music_Producer_Contract_Template.txt
2025-04-09 18:24:29,386 - INFO - Simulating blockchain interaction for rightId: 0x273a51467b525c85000000000000000000000000000000000000000000000000
2025-04-09 18:24:29,387 - INFO - Processing transaction 6/6: performance%20agrmt.txt
2025-04-09 18:24:29,387 - INFO - Simulating blockchain interaction for rightId: 0x08ec496cd5b136dc000000000000000000000000000000000000000000000000
2025-04-09 18:24:29,389 - INFO - === Test Pipeline Complete ===
2025-04-09 18:24:29,389 - INFO - Documents processed: 7
2025-04-09 18:24:29,389 - INFO - AI extractions performed: 6
2025-04-09 18:24:29,389 - INFO - Blockchain transactions simulated: 6
2025-04-09 18:24:29,392 - INFO - Results saved to blockchain_training_report.json
